head     1.1;
access   ;
symbols  ;
locks    ;comment  @@;


1.1
date     2008.08.19.15.02.14;  author p4;  state Exp;
branches ;
next     ;


desc
@@


1.1
log
@@
text
@<?xml version="1.0" encoding="UTF-8"?>
<cruisecontrol>
  <info>
    <property name="projectname" value="test" />
    <property name="lastbuild" value="20080309000000" />
    <property name="lastsuccessfulbuild" value="20080309000000" />
    <property name="builddate" value="03/09/2008 15:57:47" />
    <property name="cctimestamp" value="20080309155747" />
    <property name="label" value="build.1" />
    <property name="interval" value="300" />
    <property name="lastbuildsuccessful" value="true" />
    <property name="logdir" value="/home/cceuser/projects/cruise/target/cruise-agent-1.0/projects/connectfour/cruise-output" />
    <property name="logfile" value="log.xml" />
  </info>
  <build time="11 seconds">
    <message priority="debug"><![CDATA[Adding reference: ant.PropertyHelper]]></message>
    <message priority="debug"><![CDATA[Detected Java version: 1.5 in: /usr/lib/jvm/java-1.5.0-sun-1.5.0.13/jre]]></message>
    <message priority="debug"><![CDATA[Detected OS: Linux]]></message>
    <message priority="debug"><![CDATA[Adding reference: ant.ComponentHelper]]></message>
    <message priority="debug"><![CDATA[Setting ro project property: XmlLogger.file -> log.xml]]></message>
    <message priority="debug"><![CDATA[Setting ro project property: cclastgoodbuildtimestamp -> 20080309000000]]></message>
    <message priority="debug"><![CDATA[Setting ro project property: cctimestamp -> 20080309155747]]></message>
    <message priority="debug"><![CDATA[Setting ro project property: cvstimestamp -> 2008-03-09 07:57:47 GMT]]></message>
    <message priority="debug"><![CDATA[Setting ro project property: projectname -> test]]></message>
    <message priority="debug"><![CDATA[Setting ro project property: buildforced -> true]]></message>
    <message priority="debug"><![CDATA[Setting ro project property: label -> build.1]]></message>
    <message priority="debug"><![CDATA[Setting ro project property: cclastbuildtimestamp -> 20080309000000]]></message>
    <message priority="debug"><![CDATA[Setting ro project property: lastbuildsuccessful -> true]]></message>
    <message priority="debug"><![CDATA[Setting ro project property: ant.file -> /home/cceuser/projects/cruise/target/cruise-agent-1.0/projects/connectfour/build.xml]]></message>
    <message priority="debug"><![CDATA[Adding reference: ant.projectHelper]]></message>
    <message priority="debug"><![CDATA[Adding reference: ant.parsing.context]]></message>
    <message priority="debug"><![CDATA[Adding reference: ant.targets]]></message>
    <message priority="debug"><![CDATA[parsing buildfile /home/cceuser/projects/cruise/target/cruise-agent-1.0/projects/connectfour/build.xml with URI = file:/home/cceuser/projects/cruise/target/cruise-agent-1.0/projects/connectfour/build.xml]]></message>
    <message priority="debug"><![CDATA[Setting ro project property: ant.project.name -> connectfour]]></message>
    <message priority="debug"><![CDATA[Adding reference: connectfour]]></message>
    <message priority="debug"><![CDATA[Setting ro project property: ant.file.connectfour -> /home/cceuser/projects/cruise/target/cruise-agent-1.0/projects/connectfour/build.xml]]></message>
    <message priority="debug"><![CDATA[Project base dir set to: /home/cceuser/projects/cruise/target/cruise-agent-1.0/projects/connectfour]]></message>
    <message priority="debug"><![CDATA[+Target:]]></message>
    <message priority="debug"><![CDATA[+Target: all]]></message>
    <message priority="debug"><![CDATA[+Target: clean]]></message>
    <message priority="debug"><![CDATA[+Target: compile]]></message>
    <message priority="debug"><![CDATA[+Target: sleep]]></message>
    <message priority="debug"><![CDATA[+Target: test]]></message>
    <message priority="debug"><![CDATA[+Target: jar]]></message>
    <message priority="debug"><![CDATA[Attempting to create object of type org.apache.tools.ant.helper.DefaultExecutor]]></message>
    <message priority="debug"><![CDATA[Adding reference: ant.executor]]></message>
    <message priority="debug"><![CDATA[Build sequence for target(s) `all' is [clean, compile, sleep, test, jar, all]]]></message>
    <message priority="debug"><![CDATA[Complete build sequence is [clean, compile, sleep, test, jar, all, ]]]></message>
    <message priority="debug"><![CDATA[Could not load definitions from resource org/apache/tools/ant/antlib.xml. It could not be found.]]></message>
    <target name="clean" time="0 seconds" />
    <message priority="debug"><![CDATA[fileset: Setup scanner in dir /home/cceuser/projects/cruise/target/cruise-agent-1.0/projects/connectfour/src with patternSet{ includes: [] excludes: [] }]]></message>
    <target name="compile" time="0 seconds">
      <task location="/home/cceuser/projects/cruise/target/cruise-agent-1.0/projects/connectfour/build.xml:45: " name="mkdir" time="0 seconds">
        <message priority="info"><![CDATA[Created dir: /home/cceuser/projects/cruise/target/cruise-agent-1.0/projects/connectfour/target/classes]]></message>
      </task>
      <task location="/home/cceuser/projects/cruise/target/cruise-agent-1.0/projects/connectfour/build.xml:46: " name="javac" time="0 seconds">
        <message priority="debug"><![CDATA[net/sourceforge/cruisecontrol/sampleproject/connectfour/Cell.java added as net/sourceforge/cruisecontrol/sampleproject/connectfour/Cell.class doesn't exist.]]></message>
        <message priority="debug"><![CDATA[net/sourceforge/cruisecontrol/sampleproject/connectfour/Chip.java added as net/sourceforge/cruisecontrol/sampleproject/connectfour/Chip.class doesn't exist.]]></message>
        <message priority="debug"><![CDATA[net/sourceforge/cruisecontrol/sampleproject/connectfour/Direction.java added as net/sourceforge/cruisecontrol/sampleproject/connectfour/Direction.class doesn't exist.]]></message>
        <message priority="debug"><![CDATA[net/sourceforge/cruisecontrol/sampleproject/connectfour/FullColumnException.java added as net/sourceforge/cruisecontrol/sampleproject/connectfour/FullColumnException.class doesn't exist.]]></message>
        <message priority="debug"><![CDATA[net/sourceforge/cruisecontrol/sampleproject/connectfour/GameNotOverException.java added as net/sourceforge/cruisecontrol/sampleproject/connectfour/GameNotOverException.class doesn't exist.]]></message>
        <message priority="debug"><![CDATA[net/sourceforge/cruisecontrol/sampleproject/connectfour/GameOverException.java added as net/sourceforge/cruisecontrol/sampleproject/connectfour/GameOverException.class doesn't exist.]]></message>
        <message priority="debug"><![CDATA[net/sourceforge/cruisecontrol/sampleproject/connectfour/InvalidColumnException.java added as net/sourceforge/cruisecontrol/sampleproject/connectfour/InvalidColumnException.class doesn't exist.]]></message>
        <message priority="debug"><![CDATA[net/sourceforge/cruisecontrol/sampleproject/connectfour/OutOfTurnException.java added as net/sourceforge/cruisecontrol/sampleproject/connectfour/OutOfTurnException.class doesn't exist.]]></message>
        <message priority="debug"><![CDATA[net/sourceforge/cruisecontrol/sampleproject/connectfour/PlayingStand.java added as net/sourceforge/cruisecontrol/sampleproject/connectfour/PlayingStand.class doesn't exist.]]></message>
        <message priority="debug"><![CDATA[net/sourceforge/cruisecontrol/sampleproject/connectfour/StalemateException.java added as net/sourceforge/cruisecontrol/sampleproject/connectfour/StalemateException.class doesn't exist.]]></message>
        <message priority="info"><![CDATA[Compiling 10 source files to /home/cceuser/projects/cruise/target/cruise-agent-1.0/projects/connectfour/target/classes]]></message>
        <message priority="debug"><![CDATA[Using modern compiler]]></message>
        <message priority="debug"><![CDATA[Compilation arguments:
'-d'
'/home/cceuser/projects/cruise/target/cruise-agent-1.0/projects/connectfour/target/classes'
'-classpath'
'/home/cceuser/projects/cruise/target/cruise-agent-1.0/projects/connectfour/target/classes:/home/cceuser/projects/cruise/target/cruise-agent-1.0/lib/ant-launcher.jar:/home/cceuser/projects/cruise/target/cruise-agent-1.0/agent.jar:/home/cceuser/projects/cruise/target/cruise-agent-1.0/lib/jetty.jar:/home/cceuser/projects/cruise/target/cruise-agent-1.0/lib/inmemorysfee.jar:/home/cceuser/projects/cruise/target/cruise-agent-1.0/lib/jetty-plus.jar:/home/cceuser/projects/cruise/target/cruise-agent-1.0/lib/xstream-1.2.2.jar:/home/cceuser/projects/cruise/target/cruise-agent-1.0/lib/commons-io.jar:/home/cceuser/projects/cruise/target/cruise-agent-1.0/lib/xerces.jar:/home/cceuser/projects/cruise/target/cruise-agent-1.0/lib/jaxen.jar:/home/cceuser/projects/cruise/target/cruise-agent-1.0/lib/cruisecontrol.jar:/home/cceuser/projects/cruise/target/cruise-agent-1.0/lib/jdom.jar:/home/cceuser/projects/cruise/target/cruise-agent-1.0/lib/jug-lgpl.jar:/home/cceuser/projects/cruise/target/cruise-agent-1.0/lib/ant-junit.jar:/home/cceuser/projects/cruise/target/cruise-agent-1.0/lib/ant.jar:/home/cceuser/projects/cruise/target/cruise-agent-1.0/lib/cruisecontrol-launcher.jar:/home/cceuser/projects/cruise/target/cruise-agent-1.0/lib/commons-lang.jar:/home/cceuser/projects/cruise/target/cruise-agent-1.0/lib/commons-codec.jar:/home/cceuser/projects/cruise/target/cruise-agent-1.0/lib/serializer.jar:/home/cceuser/projects/cruise/target/cruise-agent-1.0/lib/xml-apis.jar:/home/cceuser/projects/cruise/target/cruise-agent-1.0/lib/smackx.jar:/home/cceuser/projects/cruise/target/cruise-agent-1.0/lib/cruisecontrol-antprogresslogger.jar:/home/cceuser/projects/cruise/target/cruise-agent-1.0/lib/antlr.jar:/home/cceuser/projects/cruise/target/cruise-agent-1.0/lib/common.jar:/home/cceuser/projects/cruise/target/cruise-agent-1.0/lib/svnkit.jar:/home/cceuser/projects/cruise/target/cruise-agent-1.0/lib/xmlrpc.jar:/home/cceuser/projects/cruise/target/cruise-agent-1.0/lib/jakarta-oro.jar:/home/cceuser/projects/cruise/target/cruise-agent-1.0/lib/activation.jar:/home/cceuser/projects/cruise/target/cruise-agent-1.0/lib/cglib.jar:/home/cceuser/projects/cruise/target/cruise-agent-1.0/lib/comm.jar:/home/cceuser/projects/cruise/target/cruise-agent-1.0/lib/jetty-ant.jar:/home/cceuser/projects/cruise/target/cruise-agent-1.0/lib/ant-trax.jar:/home/cceuser/projects/cruise/target/cruise-agent-1.0/lib/log4j.jar:/home/cceuser/projects/cruise/target/cruise-agent-1.0/lib/mx4j-tools.jar:/home/cceuser/projects/cruise/target/cruise-agent-1.0/lib/jetty-util.jar:/home/cceuser/projects/cruise/target/cruise-agent-1.0/lib/joda-time.jar:/home/cceuser/projects/cruise/target/cruise-agent-1.0/lib/mx4j.jar:/home/cceuser/projects/cruise/target/cruise-agent-1.0/lib/commons-validator.jar:/home/cceuser/projects/cruise/target/cruise-agent-1.0/lib/mail.jar:/home/cceuser/projects/cruise/target/cruise-agent-1.0/lib/x10.jar:/home/cceuser/projects/cruise/target/cruise-agent-1.0/lib/spring.jar:/home/cceuser/projects/cruise/target/cruise-agent-1.0/lib/xpp3-1.1.3.4.O.jar:/home/cceuser/projects/cruise/target/cruise-agent-1.0/lib/maven-embedder.jar:/home/cceuser/projects/cruise/target/cruise-agent-1.0/lib/commons-httpclient.jar:/home/cceuser/projects/cruise/target/cruise-agent-1.0/lib/commons-collections.jar:/home/cceuser/projects/cruise/target/cruise-agent-1.0/lib/jetty-naming.jar:/home/cceuser/projects/cruise/target/cruise-agent-1.0/lib/commons-logging.jar:/home/cceuser/projects/cruise/target/cruise-agent-1.0/lib/smack.jar:/home/cceuser/projects/cruise/target/cruise-agent-1.0/lib/aspectjrt.jar:/home/cceuser/projects/cruise/target/cruise-agent-1.0/lib/commons-net.jar:/home/cceuser/projects/cruise/target/cruise-agent-1.0/lib/commons-beanutils-core.jar:/home/cceuser/projects/cruise/target/cruise-agent-1.0/lib/aspectjweaver.jar:/home/cceuser/projects/cruise/target/cruise-agent-1.0/lib/fast-md5.jar:/home/cceuser/projects/cruise/target/cruise-agent-1.0/lib/mx4j-remote.jar:/home/cceuser/projects/cruise/target/cruise-agent-1.0/apache-ant-1.7.0/lib/ant-weblogic.jar:/home/cceuser/projects/cruise/target/cruise-agent-1.0/apache-ant-1.7.0/lib/ant-apache-regexp.jar:/home/cceuser/projects/cruise/target/cruise-agent-1.0/apache-ant-1.7.0/lib/ant-apache-oro.jar:/home/cceuser/projects/cruise/target/cruise-agent-1.0/apache-ant-1.7.0/lib/ant-stylebook.jar:/home/cceuser/projects/cruise/target/cruise-agent-1.0/apache-ant-1.7.0/lib/ant-apache-resolver.jar:/home/cceuser/projects/cruise/target/cruise-agent-1.0/apache-ant-1.7.0/lib/ant-jai.jar:/home/cceuser/projects/cruise/target/cruise-agent-1.0/apache-ant-1.7.0/lib/ant-junit.jar:/home/cceuser/projects/cruise/target/cruise-agent-1.0/apache-ant-1.7.0/lib/ant-jdepend.jar:/home/cceuser/projects/cruise/target/cruise-agent-1.0/apache-ant-1.7.0/lib/ant.jar:/home/cceuser/projects/cruise/target/cruise-agent-1.0/apache-ant-1.7.0/lib/ant-javamail.jar:/home/cceuser/projects/cruise/target/cruise-agent-1.0/apache-ant-1.7.0/lib/xml-apis.jar:/home/cceuser/projects/cruise/target/cruise-agent-1.0/apache-ant-1.7.0/lib/ant-testutil.jar:/home/cceuser/projects/cruise/target/cruise-agent-1.0/apache-ant-1.7.0/lib/ant-commons-net.jar:/home/cceuser/projects/cruise/target/cruise-agent-1.0/apache-ant-1.7.0/lib/ant-jmf.jar:/home/cceuser/projects/cruise/target/cruise-agent-1.0/apache-ant-1.7.0/lib/ant-antlr.jar:/home/cceuser/projects/cruise/target/cruise-agent-1.0/apache-ant-1.7.0/lib/ant-apache-bsf.jar:/home/cceuser/projects/cruise/target/cruise-agent-1.0/apache-ant-1.7.0/lib/ant-trax.jar:/home/cceuser/projects/cruise/target/cruise-agent-1.0/apache-ant-1.7.0/lib/ant-apache-bcel.jar:/home/cceuser/projects/cruise/target/cruise-agent-1.0/apache-ant-1.7.0/lib/ant-netrexx.jar:/home/cceuser/projects/cruise/target/cruise-agent-1.0/apache-ant-1.7.0/lib/ant-nodeps.jar:/home/cceuser/projects/cruise/target/cruise-agent-1.0/apache-ant-1.7.0/lib/ant-swing.jar:/home/cceuser/projects/cruise/target/cruise-agent-1.0/apache-ant-1.7.0/lib/ant-launcher.jar:/home/cceuser/projects/cruise/target/cruise-agent-1.0/apache-ant-1.7.0/lib/ant-jsch.jar:/home/cceuser/projects/cruise/target/cruise-agent-1.0/apache-ant-1.7.0/lib/ant-starteam.jar:/home/cceuser/projects/cruise/target/cruise-agent-1.0/apache-ant-1.7.0/lib/ant-apache-log4j.jar:/home/cceuser/projects/cruise/target/cruise-agent-1.0/apache-ant-1.7.0/lib/xercesImpl.jar:/home/cceuser/projects/cruise/target/cruise-agent-1.0/apache-ant-1.7.0/lib/ant-commons-logging.jar:/usr/lib/jvm/java-1.5.0-sun-1.5.0.13/lib/tools.jar'
'-sourcepath'
'/home/cceuser/projects/cruise/target/cruise-agent-1.0/projects/connectfour/src'
'-g:none'

The ' characters around the executable and arguments are
not part of the command.]]></message>
        <message priority="debug"><![CDATA[Files to be compiled:
    /home/cceuser/projects/cruise/target/cruise-agent-1.0/projects/connectfour/src/net/sourceforge/cruisecontrol/sampleproject/connectfour/Cell.java
    /home/cceuser/projects/cruise/target/cruise-agent-1.0/projects/connectfour/src/net/sourceforge/cruisecontrol/sampleproject/connectfour/Chip.java
    /home/cceuser/projects/cruise/target/cruise-agent-1.0/projects/connectfour/src/net/sourceforge/cruisecontrol/sampleproject/connectfour/Direction.java
    /home/cceuser/projects/cruise/target/cruise-agent-1.0/projects/connectfour/src/net/sourceforge/cruisecontrol/sampleproject/connectfour/FullColumnException.java
    /home/cceuser/projects/cruise/target/cruise-agent-1.0/projects/connectfour/src/net/sourceforge/cruisecontrol/sampleproject/connectfour/GameNotOverException.java
    /home/cceuser/projects/cruise/target/cruise-agent-1.0/projects/connectfour/src/net/sourceforge/cruisecontrol/sampleproject/connectfour/GameOverException.java
    /home/cceuser/projects/cruise/target/cruise-agent-1.0/projects/connectfour/src/net/sourceforge/cruisecontrol/sampleproject/connectfour/InvalidColumnException.java
    /home/cceuser/projects/cruise/target/cruise-agent-1.0/projects/connectfour/src/net/sourceforge/cruisecontrol/sampleproject/connectfour/OutOfTurnException.java
    /home/cceuser/projects/cruise/target/cruise-agent-1.0/projects/connectfour/src/net/sourceforge/cruisecontrol/sampleproject/connectfour/PlayingStand.java
    /home/cceuser/projects/cruise/target/cruise-agent-1.0/projects/connectfour/src/net/sourceforge/cruisecontrol/sampleproject/connectfour/StalemateException.java]]></message>
      </task>
    </target>
    <target name="sleep" time="10 seconds">
      <task location="/home/cceuser/projects/cruise/target/cruise-agent-1.0/projects/connectfour/build.xml:50: " name="echo" time="0 seconds">
        <message priority="warn"><![CDATA[Sleeping for 10 seconds so you can see the build in the new dashboard]]></message>
      </task>
      <task location="/home/cceuser/projects/cruise/target/cruise-agent-1.0/projects/connectfour/build.xml:51: " name="sleep" time="10 seconds">
        <message priority="debug"><![CDATA[sleeping for 10000 milliseconds]]></message>
      </task>
    </target>
    <message priority="debug"><![CDATA[fileset: Setup scanner in dir /home/cceuser/projects/cruise/target/cruise-agent-1.0/projects/connectfour/test with patternSet{ includes: [] excludes: [] }]]></message>
    <message priority="debug"><![CDATA[Finding class junit.framework.Test]]></message>
    <message priority="debug"><![CDATA[Loaded from /home/cceuser/projects/cruise/target/cruise-agent-1.0/projects/connectfour/lib/junit.jar junit/framework/Test.class]]></message>
    <message priority="debug"><![CDATA[Class java.lang.Object loaded from parent loader (parentFirst)]]></message>
    <message priority="debug"><![CDATA[Class junit.framework.Test loaded from ant loader (parentFirst)]]></message>
    <message priority="debug"><![CDATA[Finding class org.apache.tools.ant.taskdefs.optional.junit.JUnitTaskMirrorImpl]]></message>
    <message priority="debug"><![CDATA[Loaded from /home/cceuser/projects/cruise/target/cruise-agent-1.0/lib/ant-junit.jar org/apache/tools/ant/taskdefs/optional/junit/JUnitTaskMirrorImpl.class]]></message>
    <message priority="debug"><![CDATA[Class org.apache.tools.ant.taskdefs.optional.junit.JUnitTaskMirror loaded from parent loader (parentFirst)]]></message>
    <message priority="debug"><![CDATA[Class java.lang.Throwable loaded from parent loader (parentFirst)]]></message>
    <message priority="debug"><![CDATA[Finding class junit.framework.AssertionFailedError]]></message>
    <message priority="debug"><![CDATA[Loaded from /home/cceuser/projects/cruise/target/cruise-agent-1.0/projects/connectfour/lib/junit.jar junit/framework/AssertionFailedError.class]]></message>
    <message priority="debug"><![CDATA[Class java.lang.Error loaded from parent loader (parentFirst)]]></message>
    <message priority="debug"><![CDATA[Class junit.framework.AssertionFailedError loaded from ant loader (parentFirst)]]></message>
    <message priority="debug"><![CDATA[Class org.apache.tools.ant.taskdefs.optional.junit.JUnitTaskMirror$SummaryJUnitResultFormatterMirror loaded from parent loader (parentFirst)]]></message>
    <message priority="debug"><![CDATA[Class java.lang.ClassLoader loaded from parent loader (parentFirst)]]></message>
    <message priority="debug"><![CDATA[Class org.apache.tools.ant.AntClassLoader loaded from parent loader (parentFirst)]]></message>
    <message priority="debug"><![CDATA[Class org.apache.tools.ant.taskdefs.optional.junit.JUnitTaskMirror$JUnitTestRunnerMirror loaded from parent loader (parentFirst)]]></message>
    <message priority="debug"><![CDATA[Class org.apache.tools.ant.taskdefs.optional.junit.JUnitTask loaded from parent loader (parentFirst)]]></message>
    <message priority="debug"><![CDATA[fileset: Setup scanner in dir /home/cceuser/projects/cruise/target/cruise-agent-1.0/projects/connectfour/target/test-classes with patternSet{ includes: [**/*Test.class] excludes: [] }]]></message>
    <message priority="debug"><![CDATA[Finding class org.apache.tools.ant.taskdefs.optional.junit.JUnitTestRunner]]></message>
    <message priority="debug"><![CDATA[Loaded from /home/cceuser/projects/cruise/target/cruise-agent-1.0/lib/ant-junit.jar org/apache/tools/ant/taskdefs/optional/junit/JUnitTestRunner.class]]></message>
    <message priority="debug"><![CDATA[Finding class junit.framework.TestListener]]></message>
    <message priority="debug"><![CDATA[Loaded from /home/cceuser/projects/cruise/target/cruise-agent-1.0/projects/connectfour/lib/junit.jar junit/framework/TestListener.class]]></message>
    <message priority="debug"><![CDATA[Class junit.framework.TestListener loaded from ant loader (parentFirst)]]></message>
    <message priority="debug"><![CDATA[Class java.io.IOException loaded from parent loader (parentFirst)]]></message>
    <message priority="debug"><![CDATA[Class java.util.Hashtable loaded from parent loader (parentFirst)]]></message>
    <message priority="debug"><![CDATA[Class java.util.Properties loaded from parent loader (parentFirst)]]></message>
    <message priority="debug"><![CDATA[Class java.lang.Exception loaded from parent loader (parentFirst)]]></message>
    <message priority="debug"><![CDATA[Class java.io.Writer loaded from parent loader (parentFirst)]]></message>
    <message priority="debug"><![CDATA[Class java.io.StringWriter loaded from parent loader (parentFirst)]]></message>
    <message priority="debug"><![CDATA[Class java.io.Reader loaded from parent loader (parentFirst)]]></message>
    <message priority="debug"><![CDATA[Class java.io.StringReader loaded from parent loader (parentFirst)]]></message>
    <message priority="debug"><![CDATA[Finding class org.apache.tools.ant.taskdefs.optional.junit.JUnitResultFormatter]]></message>
    <message priority="debug"><![CDATA[Loaded from /home/cceuser/projects/cruise/target/cruise-agent-1.0/lib/ant-junit.jar org/apache/tools/ant/taskdefs/optional/junit/JUnitResultFormatter.class]]></message>
    <message priority="debug"><![CDATA[Class org.apache.tools.ant.taskdefs.optional.junit.JUnitTaskMirror$JUnitResultFormatterMirror loaded from parent loader (parentFirst)]]></message>
    <message priority="debug"><![CDATA[Class java.lang.ClassNotFoundException loaded from parent loader (parentFirst)]]></message>
    <message priority="debug"><![CDATA[Class java.lang.NoClassDefFoundError loaded from parent loader (parentFirst)]]></message>
    <message priority="debug"><![CDATA[Class java.lang.NoSuchMethodException loaded from parent loader (parentFirst)]]></message>
    <message priority="debug"><![CDATA[Class java.io.OutputStream loaded from parent loader (parentFirst)]]></message>
    <message priority="debug"><![CDATA[Class java.io.ByteArrayOutputStream loaded from parent loader (parentFirst)]]></message>
    <message priority="debug"><![CDATA[Finding class org.apache.tools.ant.taskdefs.optional.junit.JUnitTestRunner$1]]></message>
    <message priority="debug"><![CDATA[Loaded from /home/cceuser/projects/cruise/target/cruise-agent-1.0/lib/ant-junit.jar org/apache/tools/ant/taskdefs/optional/junit/JUnitTestRunner$1.class]]></message>
    <message priority="debug"><![CDATA[Finding class org.apache.tools.ant.taskdefs.optional.junit.JUnitTestRunner$2]]></message>
    <message priority="debug"><![CDATA[Loaded from /home/cceuser/projects/cruise/target/cruise-agent-1.0/lib/ant-junit.jar org/apache/tools/ant/taskdefs/optional/junit/JUnitTestRunner$2.class]]></message>
    <message priority="debug"><![CDATA[Class java.io.PrintStream loaded from parent loader (parentFirst)]]></message>
    <message priority="debug"><![CDATA[Class org.apache.tools.ant.util.TeeOutputStream loaded from parent loader (parentFirst)]]></message>
    <message priority="debug"><![CDATA[Class java.lang.Class loaded from parent loader (parentFirst)]]></message>
    <message priority="debug"><![CDATA[Class org.apache.tools.ant.BuildException loaded from parent loader (parentFirst)]]></message>
    <message priority="debug"><![CDATA[Class java.io.InputStream loaded from parent loader (parentFirst)]]></message>
    <message priority="debug"><![CDATA[Class java.io.FileInputStream loaded from parent loader (parentFirst)]]></message>
    <message priority="debug"><![CDATA[Class java.io.FileReader loaded from parent loader (parentFirst)]]></message>
    <message priority="debug"><![CDATA[Class java.io.BufferedReader loaded from parent loader (parentFirst)]]></message>
    <message priority="debug"><![CDATA[Class java.lang.String loaded from parent loader (parentFirst)]]></message>
    <message priority="debug"><![CDATA[Class java.util.Vector loaded from parent loader (parentFirst)]]></message>
    <message priority="debug"><![CDATA[Finding class org.apache.tools.ant.taskdefs.optional.junit.SummaryJUnitResultFormatter]]></message>
    <message priority="debug"><![CDATA[Loaded from /home/cceuser/projects/cruise/target/cruise-agent-1.0/lib/ant-junit.jar org/apache/tools/ant/taskdefs/optional/junit/SummaryJUnitResultFormatter.class]]></message>
    <message priority="debug"><![CDATA[Class java.text.NumberFormat loaded from parent loader (parentFirst)]]></message>
    <message priority="debug"><![CDATA[Finding class org.apache.tools.ant.taskdefs.optional.junit.BriefJUnitResultFormatter]]></message>
    <message priority="debug"><![CDATA[Loaded from /home/cceuser/projects/cruise/target/cruise-agent-1.0/lib/ant-junit.jar org/apache/tools/ant/taskdefs/optional/junit/BriefJUnitResultFormatter.class]]></message>
    <message priority="debug"><![CDATA[Class java.io.PrintWriter loaded from parent loader (parentFirst)]]></message>
    <message priority="debug"><![CDATA[Finding class org.apache.tools.ant.taskdefs.optional.junit.XMLJUnitResultFormatter]]></message>
    <message priority="debug"><![CDATA[Loaded from /home/cceuser/projects/cruise/target/cruise-agent-1.0/lib/ant-junit.jar org/apache/tools/ant/taskdefs/optional/junit/XMLJUnitResultFormatter.class]]></message>
    <message priority="debug"><![CDATA[Class org.apache.tools.ant.taskdefs.optional.junit.XMLConstants loaded from parent loader (parentFirst)]]></message>
    <message priority="debug"><![CDATA[Class org.w3c.dom.Node loaded from parent loader (parentFirst)]]></message>
    <message priority="debug"><![CDATA[Class java.net.UnknownHostException loaded from parent loader (parentFirst)]]></message>
    <message priority="debug"><![CDATA[Class java.io.OutputStreamWriter loaded from parent loader (parentFirst)]]></message>
    <message priority="debug"><![CDATA[Class java.io.BufferedWriter loaded from parent loader (parentFirst)]]></message>
    <message priority="debug"><![CDATA[Class java.lang.ExceptionInInitializerError loaded from parent loader (parentFirst)]]></message>
    <message priority="debug"><![CDATA[Finding class junit.framework.TestResult]]></message>
    <message priority="debug"><![CDATA[Loaded from /home/cceuser/projects/cruise/target/cruise-agent-1.0/projects/connectfour/lib/junit.jar junit/framework/TestResult.class]]></message>
    <message priority="debug"><![CDATA[Class junit.framework.TestResult loaded from ant loader (parentFirst)]]></message>
    <message priority="debug"><![CDATA[Class java.lang.ThreadDeath loaded from parent loader (parentFirst)]]></message>
    <message priority="debug"><![CDATA[Finding class junit.framework.Protectable]]></message>
    <message priority="debug"><![CDATA[Loaded from /home/cceuser/projects/cruise/target/cruise-agent-1.0/projects/connectfour/lib/junit.jar junit/framework/Protectable.class]]></message>
    <message priority="debug"><![CDATA[Class junit.framework.Protectable loaded from ant loader (parentFirst)]]></message>
    <message priority="debug"><![CDATA[Finding class org.apache.tools.ant.taskdefs.optional.junit.JUnitTestRunner$4]]></message>
    <message priority="debug"><![CDATA[Loaded from /home/cceuser/projects/cruise/target/cruise-agent-1.0/lib/ant-junit.jar org/apache/tools/ant/taskdefs/optional/junit/JUnitTestRunner$4.class]]></message>
    <message priority="debug"><![CDATA[Class org.apache.tools.ant.taskdefs.optional.junit.JUnitTest loaded from parent loader (parentFirst)]]></message>
    <message priority="debug"><![CDATA[Finding class net.sourceforge.cruisecontrol.sampleproject.connectfour.CellTest]]></message>
    <message priority="debug"><![CDATA[Loaded from /home/cceuser/projects/cruise/target/cruise-agent-1.0/projects/connectfour/target/test-classes net/sourceforge/cruisecontrol/sampleproject/connectfour/CellTest.class]]></message>
    <message priority="debug"><![CDATA[Finding class junit.framework.TestCase]]></message>
    <message priority="debug"><![CDATA[Loaded from /home/cceuser/projects/cruise/target/cruise-agent-1.0/projects/connectfour/lib/junit.jar junit/framework/TestCase.class]]></message>
    <message priority="debug"><![CDATA[Finding class junit.framework.Assert]]></message>
    <message priority="debug"><![CDATA[Loaded from /home/cceuser/projects/cruise/target/cruise-agent-1.0/projects/connectfour/lib/junit.jar junit/framework/Assert.class]]></message>
    <message priority="debug"><![CDATA[Class junit.framework.Assert loaded from ant loader (parentFirst)]]></message>
    <message priority="debug"><![CDATA[Class junit.framework.TestCase loaded from ant loader (parentFirst)]]></message>
    <message priority="debug"><![CDATA[Class net.sourceforge.cruisecontrol.sampleproject.connectfour.CellTest loaded from ant loader (parentFirst)]]></message>
    <message priority="debug"><![CDATA[Finding class junit.framework.ComparisonFailure]]></message>
    <message priority="debug"><![CDATA[Loaded from /home/cceuser/projects/cruise/target/cruise-agent-1.0/projects/connectfour/lib/junit.jar junit/framework/ComparisonFailure.class]]></message>
    <message priority="debug"><![CDATA[Class junit.framework.ComparisonFailure loaded from ant loader (parentFirst)]]></message>
    <message priority="debug"><![CDATA[Class java.lang.IllegalAccessException loaded from parent loader (parentFirst)]]></message>
    <message priority="debug"><![CDATA[Class java.lang.reflect.InvocationTargetException loaded from parent loader (parentFirst)]]></message>
    <message priority="debug"><![CDATA[Class java.lang.annotation.Annotation loaded from parent loader (parentFirst)]]></message>
    <message priority="debug"><![CDATA[Finding class junit.framework.JUnit4TestAdapter]]></message>
    <message priority="debug"><![CDATA[Finding class junit.framework.TestSuite]]></message>
    <message priority="debug"><![CDATA[Loaded from /home/cceuser/projects/cruise/target/cruise-agent-1.0/projects/connectfour/lib/junit.jar junit/framework/TestSuite.class]]></message>
    <message priority="debug"><![CDATA[Class junit.framework.TestSuite loaded from ant loader (parentFirst)]]></message>
    <message priority="debug"><![CDATA[Class java.lang.InstantiationException loaded from parent loader (parentFirst)]]></message>
    <message priority="debug"><![CDATA[Class java.lang.reflect.Modifier loaded from parent loader (parentFirst)]]></message>
    <message priority="debug"><![CDATA[Class java.lang.reflect.Method loaded from parent loader (parentFirst)]]></message>
    <message priority="debug"><![CDATA[Class java.lang.Void loaded from parent loader (parentFirst)]]></message>
    <message priority="debug"><![CDATA[Class java.lang.reflect.Constructor loaded from parent loader (parentFirst)]]></message>
    <message priority="debug"><![CDATA[Class java.lang.System loaded from parent loader (parentFirst)]]></message>
    <message priority="debug"><![CDATA[Class java.lang.StringBuffer loaded from parent loader (parentFirst)]]></message>
    <message priority="debug"><![CDATA[Class org.apache.tools.ant.util.StringUtils loaded from parent loader (parentFirst)]]></message>
    <message priority="debug"><![CDATA[Class javax.xml.parsers.DocumentBuilderFactory loaded from parent loader (parentFirst)]]></message>
    <message priority="debug"><![CDATA[ResourceStream for META-INF/services/javax.xml.parsers.DocumentBuilderFactory loaded from parent loader]]></message>
    <message priority="debug"><![CDATA[Class org.apache.xerces.jaxp.DocumentBuilderFactoryImpl loaded from parent loader (parentFirst)]]></message>
    <message priority="debug"><![CDATA[Couldn't load ResourceStream for META-INF/services/org.apache.xerces.xni.parser.XMLParserConfiguration]]></message>
    <message priority="debug"><![CDATA[Class org.apache.xerces.parsers.XIncludeAwareParserConfiguration loaded from parent loader (parentFirst)]]></message>
    <message priority="debug"><![CDATA[Class org.apache.xerces.impl.dv.dtd.DTDDVFactoryImpl loaded from parent loader (parentFirst)]]></message>
    <message priority="debug"><![CDATA[Class javax.xml.parsers.DocumentBuilder loaded from parent loader (parentFirst)]]></message>
    <message priority="debug"><![CDATA[Class org.w3c.dom.Document loaded from parent loader (parentFirst)]]></message>
    <message priority="debug"><![CDATA[Class org.w3c.dom.Element loaded from parent loader (parentFirst)]]></message>
    <message priority="debug"><![CDATA[Class java.util.Date loaded from parent loader (parentFirst)]]></message>
    <message priority="debug"><![CDATA[Class org.apache.tools.ant.util.DateUtils loaded from parent loader (parentFirst)]]></message>
    <message priority="debug"><![CDATA[Class java.net.InetAddress loaded from parent loader (parentFirst)]]></message>
    <message priority="debug"><![CDATA[Class java.util.Enumeration loaded from parent loader (parentFirst)]]></message>
    <message priority="debug"><![CDATA[Finding class org.apache.tools.ant.taskdefs.optional.junit.JUnitVersionHelper]]></message>
    <message priority="debug"><![CDATA[Loaded from /home/cceuser/projects/cruise/target/cruise-agent-1.0/lib/ant-junit.jar org/apache/tools/ant/taskdefs/optional/junit/JUnitVersionHelper.class]]></message>
    <message priority="debug"><![CDATA[Class java.lang.Long loaded from parent loader (parentFirst)]]></message>
    <message priority="debug"><![CDATA[Finding class junit.framework.TestResult$1]]></message>
    <message priority="debug"><![CDATA[Loaded from /home/cceuser/projects/cruise/target/cruise-agent-1.0/projects/connectfour/lib/junit.jar junit/framework/TestResult$1.class]]></message>
    <message priority="debug"><![CDATA[Class junit.framework.TestResult$1 loaded from ant loader (parentFirst)]]></message>
    <message priority="debug"><![CDATA[Finding class net.sourceforge.cruisecontrol.sampleproject.connectfour.Cell]]></message>
    <message priority="debug"><![CDATA[Loaded from /home/cceuser/projects/cruise/target/cruise-agent-1.0/projects/connectfour/target/classes net/sourceforge/cruisecontrol/sampleproject/connectfour/Cell.class]]></message>
    <message priority="debug"><![CDATA[Class net.sourceforge.cruisecontrol.sampleproject.connectfour.Cell loaded from ant loader (parentFirst)]]></message>
    <message priority="debug"><![CDATA[Class java.lang.Integer loaded from parent loader (parentFirst)]]></message>
    <message priority="debug"><![CDATA[Finding class org.apache.tools.ant.taskdefs.optional.junit.JUnitTaskMirrorImpl$VmExitErrorTest]]></message>
    <message priority="debug"><![CDATA[Loaded from /home/cceuser/projects/cruise/target/cruise-agent-1.0/lib/ant-junit.jar org/apache/tools/ant/taskdefs/optional/junit/JUnitTaskMirrorImpl$VmExitErrorTest.class]]></message>
    <message priority="debug"><![CDATA[Class org.apache.tools.ant.util.FileUtils loaded from parent loader (parentFirst)]]></message>
    <message priority="debug"><![CDATA[Class org.apache.tools.ant.util.DOMElementWriter loaded from parent loader (parentFirst)]]></message>
    <message priority="debug"><![CDATA[Finding class net.sourceforge.cruisecontrol.sampleproject.connectfour.PlayingStandTest]]></message>
    <message priority="debug"><![CDATA[Loaded from /home/cceuser/projects/cruise/target/cruise-agent-1.0/projects/connectfour/target/test-classes net/sourceforge/cruisecontrol/sampleproject/connectfour/PlayingStandTest.class]]></message>
    <message priority="debug"><![CDATA[Class net.sourceforge.cruisecontrol.sampleproject.connectfour.PlayingStandTest loaded from ant loader (parentFirst)]]></message>
    <message priority="debug"><![CDATA[Finding class net.sourceforge.cruisecontrol.sampleproject.connectfour.StalemateException]]></message>
    <message priority="debug"><![CDATA[Loaded from /home/cceuser/projects/cruise/target/cruise-agent-1.0/projects/connectfour/target/classes net/sourceforge/cruisecontrol/sampleproject/connectfour/StalemateException.class]]></message>
    <message priority="debug"><![CDATA[Class java.lang.RuntimeException loaded from parent loader (parentFirst)]]></message>
    <message priority="debug"><![CDATA[Class net.sourceforge.cruisecontrol.sampleproject.connectfour.StalemateException loaded from ant loader (parentFirst)]]></message>
    <message priority="debug"><![CDATA[Finding class net.sourceforge.cruisecontrol.sampleproject.connectfour.GameNotOverException]]></message>
    <message priority="debug"><![CDATA[Loaded from /home/cceuser/projects/cruise/target/cruise-agent-1.0/projects/connectfour/target/classes net/sourceforge/cruisecontrol/sampleproject/connectfour/GameNotOverException.class]]></message>
    <message priority="debug"><![CDATA[Class net.sourceforge.cruisecontrol.sampleproject.connectfour.GameNotOverException loaded from ant loader (parentFirst)]]></message>
    <message priority="debug"><![CDATA[Finding class net.sourceforge.cruisecontrol.sampleproject.connectfour.GameOverException]]></message>
    <message priority="debug"><![CDATA[Loaded from /home/cceuser/projects/cruise/target/cruise-agent-1.0/projects/connectfour/target/classes net/sourceforge/cruisecontrol/sampleproject/connectfour/GameOverException.class]]></message>
    <message priority="debug"><![CDATA[Class net.sourceforge.cruisecontrol.sampleproject.connectfour.GameOverException loaded from ant loader (parentFirst)]]></message>
    <message priority="debug"><![CDATA[Finding class net.sourceforge.cruisecontrol.sampleproject.connectfour.InvalidColumnException]]></message>
    <message priority="debug"><![CDATA[Loaded from /home/cceuser/projects/cruise/target/cruise-agent-1.0/projects/connectfour/target/classes net/sourceforge/cruisecontrol/sampleproject/connectfour/InvalidColumnException.class]]></message>
    <message priority="debug"><![CDATA[Class net.sourceforge.cruisecontrol.sampleproject.connectfour.InvalidColumnException loaded from ant loader (parentFirst)]]></message>
    <message priority="debug"><![CDATA[Finding class net.sourceforge.cruisecontrol.sampleproject.connectfour.FullColumnException]]></message>
    <message priority="debug"><![CDATA[Loaded from /home/cceuser/projects/cruise/target/cruise-agent-1.0/projects/connectfour/target/classes net/sourceforge/cruisecontrol/sampleproject/connectfour/FullColumnException.class]]></message>
    <message priority="debug"><![CDATA[Class net.sourceforge.cruisecontrol.sampleproject.connectfour.FullColumnException loaded from ant loader (parentFirst)]]></message>
    <message priority="debug"><![CDATA[Finding class net.sourceforge.cruisecontrol.sampleproject.connectfour.OutOfTurnException]]></message>
    <message priority="debug"><![CDATA[Loaded from /home/cceuser/projects/cruise/target/cruise-agent-1.0/projects/connectfour/target/classes net/sourceforge/cruisecontrol/sampleproject/connectfour/OutOfTurnException.class]]></message>
    <message priority="debug"><![CDATA[Class net.sourceforge.cruisecontrol.sampleproject.connectfour.OutOfTurnException loaded from ant loader (parentFirst)]]></message>
    <message priority="debug"><![CDATA[Finding class junit.framework.JUnit4TestAdapter]]></message>
    <message priority="debug"><![CDATA[Finding class net.sourceforge.cruisecontrol.sampleproject.connectfour.PlayingStand]]></message>
    <message priority="debug"><![CDATA[Loaded from /home/cceuser/projects/cruise/target/cruise-agent-1.0/projects/connectfour/target/classes net/sourceforge/cruisecontrol/sampleproject/connectfour/PlayingStand.class]]></message>
    <message priority="debug"><![CDATA[Class net.sourceforge.cruisecontrol.sampleproject.connectfour.PlayingStand loaded from ant loader (parentFirst)]]></message>
    <message priority="debug"><![CDATA[ResourceStream for META-INF/services/javax.xml.parsers.DocumentBuilderFactory loaded from parent loader]]></message>
    <message priority="debug"><![CDATA[Class org.apache.xerces.jaxp.DocumentBuilderFactoryImpl loaded from parent loader (parentFirst)]]></message>
    <message priority="debug"><![CDATA[Couldn't load ResourceStream for META-INF/services/org.apache.xerces.xni.parser.XMLParserConfiguration]]></message>
    <message priority="debug"><![CDATA[Class org.apache.xerces.parsers.XIncludeAwareParserConfiguration loaded from parent loader (parentFirst)]]></message>
    <message priority="debug"><![CDATA[Class org.apache.xerces.impl.dv.dtd.DTDDVFactoryImpl loaded from parent loader (parentFirst)]]></message>
    <message priority="debug"><![CDATA[Class java.lang.ArrayIndexOutOfBoundsException loaded from parent loader (parentFirst)]]></message>
    <message priority="debug"><![CDATA[Finding class net.sourceforge.cruisecontrol.sampleproject.connectfour.Chip]]></message>
    <message priority="debug"><![CDATA[Loaded from /home/cceuser/projects/cruise/target/cruise-agent-1.0/projects/connectfour/target/classes net/sourceforge/cruisecontrol/sampleproject/connectfour/Chip.class]]></message>
    <message priority="debug"><![CDATA[Class net.sourceforge.cruisecontrol.sampleproject.connectfour.Chip loaded from ant loader (parentFirst)]]></message>
    <message priority="debug"><![CDATA[Finding class net.sourceforge.cruisecontrol.sampleproject.connectfour.PlayingStand$WinningPlacement]]></message>
    <message priority="debug"><![CDATA[Loaded from /home/cceuser/projects/cruise/target/cruise-agent-1.0/projects/connectfour/target/classes net/sourceforge/cruisecontrol/sampleproject/connectfour/PlayingStand$WinningPlacement.class]]></message>
    <message priority="debug"><![CDATA[Class net.sourceforge.cruisecontrol.sampleproject.connectfour.PlayingStand$WinningPlacement loaded from ant loader (parentFirst)]]></message>
    <message priority="debug"><![CDATA[Finding class net.sourceforge.cruisecontrol.sampleproject.connectfour.Direction]]></message>
    <message priority="debug"><![CDATA[Loaded from /home/cceuser/projects/cruise/target/cruise-agent-1.0/projects/connectfour/target/classes net/sourceforge/cruisecontrol/sampleproject/connectfour/Direction.class]]></message>
    <message priority="debug"><![CDATA[Class net.sourceforge.cruisecontrol.sampleproject.connectfour.Direction loaded from ant loader (parentFirst)]]></message>
    <message priority="debug"><![CDATA[Class sun.reflect.MethodAccessorImpl loaded from parent loader (parentFirst)]]></message>
    <target name="test" time="0 seconds">
      <task location="/home/cceuser/projects/cruise/target/cruise-agent-1.0/projects/connectfour/build.xml:55: " name="mkdir" time="0 seconds">
        <message priority="info"><![CDATA[Created dir: /home/cceuser/projects/cruise/target/cruise-agent-1.0/projects/connectfour/target/test-classes]]></message>
      </task>
      <task location="/home/cceuser/projects/cruise/target/cruise-agent-1.0/projects/connectfour/build.xml:56: " name="javac" time="0 seconds">
        <message priority="debug"><![CDATA[net/sourceforge/cruisecontrol/sampleproject/connectfour/CellTest.java added as net/sourceforge/cruisecontrol/sampleproject/connectfour/CellTest.class doesn't exist.]]></message>
        <message priority="debug"><![CDATA[net/sourceforge/cruisecontrol/sampleproject/connectfour/PlayingStandTest.java added as net/sourceforge/cruisecontrol/sampleproject/connectfour/PlayingStandTest.class doesn't exist.]]></message>
        <message priority="info"><![CDATA[Compiling 2 source files to /home/cceuser/projects/cruise/target/cruise-agent-1.0/projects/connectfour/target/test-classes]]></message>
        <message priority="debug"><![CDATA[Using modern compiler]]></message>
        <message priority="debug"><![CDATA[Compilation arguments:
'-d'
'/home/cceuser/projects/cruise/target/cruise-agent-1.0/projects/connectfour/target/test-classes'
'-classpath'
'/home/cceuser/projects/cruise/target/cruise-agent-1.0/projects/connectfour/target/test-classes:/home/cceuser/projects/cruise/target/cruise-agent-1.0/projects/connectfour/target/classes:/home/cceuser/projects/cruise/target/cruise-agent-1.0/projects/connectfour/lib/junit.jar:/home/cceuser/projects/cruise/target/cruise-agent-1.0/lib/ant-launcher.jar:/home/cceuser/projects/cruise/target/cruise-agent-1.0/agent.jar:/home/cceuser/projects/cruise/target/cruise-agent-1.0/lib/jetty.jar:/home/cceuser/projects/cruise/target/cruise-agent-1.0/lib/inmemorysfee.jar:/home/cceuser/projects/cruise/target/cruise-agent-1.0/lib/jetty-plus.jar:/home/cceuser/projects/cruise/target/cruise-agent-1.0/lib/xstream-1.2.2.jar:/home/cceuser/projects/cruise/target/cruise-agent-1.0/lib/commons-io.jar:/home/cceuser/projects/cruise/target/cruise-agent-1.0/lib/xerces.jar:/home/cceuser/projects/cruise/target/cruise-agent-1.0/lib/jaxen.jar:/home/cceuser/projects/cruise/target/cruise-agent-1.0/lib/cruisecontrol.jar:/home/cceuser/projects/cruise/target/cruise-agent-1.0/lib/jdom.jar:/home/cceuser/projects/cruise/target/cruise-agent-1.0/lib/jug-lgpl.jar:/home/cceuser/projects/cruise/target/cruise-agent-1.0/lib/ant-junit.jar:/home/cceuser/projects/cruise/target/cruise-agent-1.0/lib/ant.jar:/home/cceuser/projects/cruise/target/cruise-agent-1.0/lib/cruisecontrol-launcher.jar:/home/cceuser/projects/cruise/target/cruise-agent-1.0/lib/commons-lang.jar:/home/cceuser/projects/cruise/target/cruise-agent-1.0/lib/commons-codec.jar:/home/cceuser/projects/cruise/target/cruise-agent-1.0/lib/serializer.jar:/home/cceuser/projects/cruise/target/cruise-agent-1.0/lib/xml-apis.jar:/home/cceuser/projects/cruise/target/cruise-agent-1.0/lib/smackx.jar:/home/cceuser/projects/cruise/target/cruise-agent-1.0/lib/cruisecontrol-antprogresslogger.jar:/home/cceuser/projects/cruise/target/cruise-agent-1.0/lib/antlr.jar:/home/cceuser/projects/cruise/target/cruise-agent-1.0/lib/common.jar:/home/cceuser/projects/cruise/target/cruise-agent-1.0/lib/svnkit.jar:/home/cceuser/projects/cruise/target/cruise-agent-1.0/lib/xmlrpc.jar:/home/cceuser/projects/cruise/target/cruise-agent-1.0/lib/jakarta-oro.jar:/home/cceuser/projects/cruise/target/cruise-agent-1.0/lib/activation.jar:/home/cceuser/projects/cruise/target/cruise-agent-1.0/lib/cglib.jar:/home/cceuser/projects/cruise/target/cruise-agent-1.0/lib/comm.jar:/home/cceuser/projects/cruise/target/cruise-agent-1.0/lib/jetty-ant.jar:/home/cceuser/projects/cruise/target/cruise-agent-1.0/lib/ant-trax.jar:/home/cceuser/projects/cruise/target/cruise-agent-1.0/lib/log4j.jar:/home/cceuser/projects/cruise/target/cruise-agent-1.0/lib/mx4j-tools.jar:/home/cceuser/projects/cruise/target/cruise-agent-1.0/lib/jetty-util.jar:/home/cceuser/projects/cruise/target/cruise-agent-1.0/lib/joda-time.jar:/home/cceuser/projects/cruise/target/cruise-agent-1.0/lib/mx4j.jar:/home/cceuser/projects/cruise/target/cruise-agent-1.0/lib/commons-validator.jar:/home/cceuser/projects/cruise/target/cruise-agent-1.0/lib/mail.jar:/home/cceuser/projects/cruise/target/cruise-agent-1.0/lib/x10.jar:/home/cceuser/projects/cruise/target/cruise-agent-1.0/lib/spring.jar:/home/cceuser/projects/cruise/target/cruise-agent-1.0/lib/xpp3-1.1.3.4.O.jar:/home/cceuser/projects/cruise/target/cruise-agent-1.0/lib/maven-embedder.jar:/home/cceuser/projects/cruise/target/cruise-agent-1.0/lib/commons-httpclient.jar:/home/cceuser/projects/cruise/target/cruise-agent-1.0/lib/commons-collections.jar:/home/cceuser/projects/cruise/target/cruise-agent-1.0/lib/jetty-naming.jar:/home/cceuser/projects/cruise/target/cruise-agent-1.0/lib/commons-logging.jar:/home/cceuser/projects/cruise/target/cruise-agent-1.0/lib/smack.jar:/home/cceuser/projects/cruise/target/cruise-agent-1.0/lib/aspectjrt.jar:/home/cceuser/projects/cruise/target/cruise-agent-1.0/lib/commons-net.jar:/home/cceuser/projects/cruise/target/cruise-agent-1.0/lib/commons-beanutils-core.jar:/home/cceuser/projects/cruise/target/cruise-agent-1.0/lib/aspectjweaver.jar:/home/cceuser/projects/cruise/target/cruise-agent-1.0/lib/fast-md5.jar:/home/cceuser/projects/cruise/target/cruise-agent-1.0/lib/mx4j-remote.jar:/home/cceuser/projects/cruise/target/cruise-agent-1.0/apache-ant-1.7.0/lib/ant-weblogic.jar:/home/cceuser/projects/cruise/target/cruise-agent-1.0/apache-ant-1.7.0/lib/ant-apache-regexp.jar:/home/cceuser/projects/cruise/target/cruise-agent-1.0/apache-ant-1.7.0/lib/ant-apache-oro.jar:/home/cceuser/projects/cruise/target/cruise-agent-1.0/apache-ant-1.7.0/lib/ant-stylebook.jar:/home/cceuser/projects/cruise/target/cruise-agent-1.0/apache-ant-1.7.0/lib/ant-apache-resolver.jar:/home/cceuser/projects/cruise/target/cruise-agent-1.0/apache-ant-1.7.0/lib/ant-jai.jar:/home/cceuser/projects/cruise/target/cruise-agent-1.0/apache-ant-1.7.0/lib/ant-junit.jar:/home/cceuser/projects/cruise/target/cruise-agent-1.0/apache-ant-1.7.0/lib/ant-jdepend.jar:/home/cceuser/projects/cruise/target/cruise-agent-1.0/apache-ant-1.7.0/lib/ant.jar:/home/cceuser/projects/cruise/target/cruise-agent-1.0/apache-ant-1.7.0/lib/ant-javamail.jar:/home/cceuser/projects/cruise/target/cruise-agent-1.0/apache-ant-1.7.0/lib/xml-apis.jar:/home/cceuser/projects/cruise/target/cruise-agent-1.0/apache-ant-1.7.0/lib/ant-testutil.jar:/home/cceuser/projects/cruise/target/cruise-agent-1.0/apache-ant-1.7.0/lib/ant-commons-net.jar:/home/cceuser/projects/cruise/target/cruise-agent-1.0/apache-ant-1.7.0/lib/ant-jmf.jar:/home/cceuser/projects/cruise/target/cruise-agent-1.0/apache-ant-1.7.0/lib/ant-antlr.jar:/home/cceuser/projects/cruise/target/cruise-agent-1.0/apache-ant-1.7.0/lib/ant-apache-bsf.jar:/home/cceuser/projects/cruise/target/cruise-agent-1.0/apache-ant-1.7.0/lib/ant-trax.jar:/home/cceuser/projects/cruise/target/cruise-agent-1.0/apache-ant-1.7.0/lib/ant-apache-bcel.jar:/home/cceuser/projects/cruise/target/cruise-agent-1.0/apache-ant-1.7.0/lib/ant-netrexx.jar:/home/cceuser/projects/cruise/target/cruise-agent-1.0/apache-ant-1.7.0/lib/ant-nodeps.jar:/home/cceuser/projects/cruise/target/cruise-agent-1.0/apache-ant-1.7.0/lib/ant-swing.jar:/home/cceuser/projects/cruise/target/cruise-agent-1.0/apache-ant-1.7.0/lib/ant-launcher.jar:/home/cceuser/projects/cruise/target/cruise-agent-1.0/apache-ant-1.7.0/lib/ant-jsch.jar:/home/cceuser/projects/cruise/target/cruise-agent-1.0/apache-ant-1.7.0/lib/ant-starteam.jar:/home/cceuser/projects/cruise/target/cruise-agent-1.0/apache-ant-1.7.0/lib/ant-apache-log4j.jar:/home/cceuser/projects/cruise/target/cruise-agent-1.0/apache-ant-1.7.0/lib/xercesImpl.jar:/home/cceuser/projects/cruise/target/cruise-agent-1.0/apache-ant-1.7.0/lib/ant-commons-logging.jar:/usr/lib/jvm/java-1.5.0-sun-1.5.0.13/lib/tools.jar'
'-sourcepath'
'/home/cceuser/projects/cruise/target/cruise-agent-1.0/projects/connectfour/test'
'-g:none'

The ' characters around the executable and arguments are
not part of the command.]]></message>
        <message priority="debug"><![CDATA[Files to be compiled:
    /home/cceuser/projects/cruise/target/cruise-agent-1.0/projects/connectfour/test/net/sourceforge/cruisecontrol/sampleproject/connectfour/CellTest.java
    /home/cceuser/projects/cruise/target/cruise-agent-1.0/projects/connectfour/test/net/sourceforge/cruisecontrol/sampleproject/connectfour/PlayingStandTest.java]]></message>
      </task>
      <task location="/home/cceuser/projects/cruise/target/cruise-agent-1.0/projects/connectfour/build.xml:63: " name="mkdir" time="0 seconds">
        <message priority="info"><![CDATA[Created dir: /home/cceuser/projects/cruise/target/cruise-agent-1.0/projects/connectfour/target/test-results]]></message>
      </task>
      <message priority="debug"><![CDATA[Couldn't find junit/framework/TestCase.class]]></message>
      <message priority="debug"><![CDATA[Found /home/cceuser/projects/cruise/target/cruise-agent-1.0/lib/ant-launcher.jar]]></message>
      <message priority="debug"><![CDATA[Found /home/cceuser/projects/cruise/target/cruise-agent-1.0/lib/ant.jar]]></message>
      <message priority="debug"><![CDATA[Found /home/cceuser/projects/cruise/target/cruise-agent-1.0/lib/ant-junit.jar]]></message>
      <task location="/home/cceuser/projects/cruise/target/cruise-agent-1.0/projects/connectfour/build.xml:64: " name="junit" time="0 seconds">
        <message priority="debug"><![CDATA[Using System properties {java.runtime.name=Java(TM) 2 Runtime Environment, Standard Edition, sun.boot.library.path=/usr/lib/jvm/java-1.5.0-sun-1.5.0.13/jre/lib/i386, java.vm.version=1.5.0_13-b05, ant.library.dir=/home/cceuser/projects/cruise/target/cruise-agent-1.0/lib, java.vm.vendor=Sun Microsystems Inc., java.vendor.url=http://java.sun.com/, path.separator=:, java.vm.name=Java HotSpot(TM) Server VM, file.encoding.pkg=sun.io, user.country=HK, sun.java.launcher=SUN_STANDARD, sun.os.patch.level=unknown, java.vm.specification.name=Java Virtual Machine Specification, user.dir=/home/cceuser/projects/cruise/target/cruise-agent-1.0/projects/connectfour, java.runtime.version=1.5.0_13-b05, java.awt.graphicsenv=sun.awt.X11GraphicsEnvironment, java.endorsed.dirs=/usr/lib/jvm/java-1.5.0-sun-1.5.0.13/jre/lib/endorsed, os.arch=i386, java.io.tmpdir=/tmp, line.separator=
, java.vm.specification.vendor=Sun Microsystems Inc., os.name=Linux, ant.home=/home/cceuser/projects/cruise/target/cruise-agent-1.0, sun.jnu.encoding=UTF-8, java.library.path=/usr/lib/jvm/java-1.5.0-sun-1.5.0.13/jre/lib/i386/server:/usr/lib/jvm/java-1.5.0-sun-1.5.0.13/jre/lib/i386:/usr/lib/jvm/java-1.5.0-sun-1.5.0.13/jre/../lib/i386, java.specification.name=Java Platform API Specification, java.class.version=49.0, sun.management.compiler=HotSpot Server Compiler, os.version=2.6.22-14-generic, user.home=/home/cceuser, user.timezone=GMT+08:00, java.awt.printerjob=sun.print.PSPrinterJob, file.encoding=UTF-8, java.specification.version=1.5, java.class.path=/home/cceuser/projects/cruise/target/cruise-agent-1.0/lib/ant-launcher.jar:/home/cceuser/projects/cruise/target/cruise-agent-1.0/agent.jar:/home/cceuser/projects/cruise/target/cruise-agent-1.0/lib/jetty.jar:/home/cceuser/projects/cruise/target/cruise-agent-1.0/lib/inmemorysfee.jar:/home/cceuser/projects/cruise/target/cruise-agent-1.0/lib/jetty-plus.jar:/home/cceuser/projects/cruise/target/cruise-agent-1.0/lib/xstream-1.2.2.jar:/home/cceuser/projects/cruise/target/cruise-agent-1.0/lib/commons-io.jar:/home/cceuser/projects/cruise/target/cruise-agent-1.0/lib/xerces.jar:/home/cceuser/projects/cruise/target/cruise-agent-1.0/lib/jaxen.jar:/home/cceuser/projects/cruise/target/cruise-agent-1.0/lib/cruisecontrol.jar:/home/cceuser/projects/cruise/target/cruise-agent-1.0/lib/jdom.jar:/home/cceuser/projects/cruise/target/cruise-agent-1.0/lib/jug-lgpl.jar:/home/cceuser/projects/cruise/target/cruise-agent-1.0/lib/ant-junit.jar:/home/cceuser/projects/cruise/target/cruise-agent-1.0/lib/ant.jar:/home/cceuser/projects/cruise/target/cruise-agent-1.0/lib/cruisecontrol-launcher.jar:/home/cceuser/projects/cruise/target/cruise-agent-1.0/lib/commons-lang.jar:/home/cceuser/projects/cruise/target/cruise-agent-1.0/lib/commons-codec.jar:/home/cceuser/projects/cruise/target/cruise-agent-1.0/lib/serializer.jar:/home/cceuser/projects/cruise/target/cruise-agent-1.0/lib/xml-apis.jar:/home/cceuser/projects/cruise/target/cruise-agent-1.0/lib/smackx.jar:/home/cceuser/projects/cruise/target/cruise-agent-1.0/lib/cruisecontrol-antprogresslogger.jar:/home/cceuser/projects/cruise/target/cruise-agent-1.0/lib/antlr.jar:/home/cceuser/projects/cruise/target/cruise-agent-1.0/lib/common.jar:/home/cceuser/projects/cruise/target/cruise-agent-1.0/lib/svnkit.jar:/home/cceuser/projects/cruise/target/cruise-agent-1.0/lib/xmlrpc.jar:/home/cceuser/projects/cruise/target/cruise-agent-1.0/lib/jakarta-oro.jar:/home/cceuser/projects/cruise/target/cruise-agent-1.0/lib/activation.jar:/home/cceuser/projects/cruise/target/cruise-agent-1.0/lib/cglib.jar:/home/cceuser/projects/cruise/target/cruise-agent-1.0/lib/comm.jar:/home/cceuser/projects/cruise/target/cruise-agent-1.0/lib/jetty-ant.jar:/home/cceuser/projects/cruise/target/cruise-agent-1.0/lib/ant-trax.jar:/home/cceuser/projects/cruise/target/cruise-agent-1.0/lib/log4j.jar:/home/cceuser/projects/cruise/target/cruise-agent-1.0/lib/mx4j-tools.jar:/home/cceuser/projects/cruise/target/cruise-agent-1.0/lib/jetty-util.jar:/home/cceuser/projects/cruise/target/cruise-agent-1.0/lib/joda-time.jar:/home/cceuser/projects/cruise/target/cruise-agent-1.0/lib/mx4j.jar:/home/cceuser/projects/cruise/target/cruise-agent-1.0/lib/ant-launcher.jar:/home/cceuser/projects/cruise/target/cruise-agent-1.0/lib/commons-validator.jar:/home/cceuser/projects/cruise/target/cruise-agent-1.0/lib/mail.jar:/home/cceuser/projects/cruise/target/cruise-agent-1.0/lib/x10.jar:/home/cceuser/projects/cruise/target/cruise-agent-1.0/lib/spring.jar:/home/cceuser/projects/cruise/target/cruise-agent-1.0/lib/xpp3-1.1.3.4.O.jar:/home/cceuser/projects/cruise/target/cruise-agent-1.0/lib/maven-embedder.jar:/home/cceuser/projects/cruise/target/cruise-agent-1.0/lib/commons-httpclient.jar:/home/cceuser/projects/cruise/target/cruise-agent-1.0/lib/commons-collections.jar:/home/cceuser/projects/cruise/target/cruise-agent-1.0/lib/jetty-naming.jar:/home/cceuser/projects/cruise/target/cruise-agent-1.0/lib/commons-logging.jar:/home/cceuser/projects/cruise/target/cruise-agent-1.0/lib/smack.jar:/home/cceuser/projects/cruise/target/cruise-agent-1.0/lib/aspectjrt.jar:/home/cceuser/projects/cruise/target/cruise-agent-1.0/lib/commons-net.jar:/home/cceuser/projects/cruise/target/cruise-agent-1.0/lib/commons-beanutils-core.jar:/home/cceuser/projects/cruise/target/cruise-agent-1.0/lib/aspectjweaver.jar:/home/cceuser/projects/cruise/target/cruise-agent-1.0/lib/fast-md5.jar:/home/cceuser/projects/cruise/target/cruise-agent-1.0/lib/mx4j-remote.jar:/home/cceuser/projects/cruise/target/cruise-agent-1.0/apache-ant-1.7.0/lib/ant-weblogic.jar:/home/cceuser/projects/cruise/target/cruise-agent-1.0/apache-ant-1.7.0/lib/ant-apache-regexp.jar:/home/cceuser/projects/cruise/target/cruise-agent-1.0/apache-ant-1.7.0/lib/ant-apache-oro.jar:/home/cceuser/projects/cruise/target/cruise-agent-1.0/apache-ant-1.7.0/lib/ant-stylebook.jar:/home/cceuser/projects/cruise/target/cruise-agent-1.0/apache-ant-1.7.0/lib/ant-apache-resolver.jar:/home/cceuser/projects/cruise/target/cruise-agent-1.0/apache-ant-1.7.0/lib/ant-jai.jar:/home/cceuser/projects/cruise/target/cruise-agent-1.0/apache-ant-1.7.0/lib/ant-junit.jar:/home/cceuser/projects/cruise/target/cruise-agent-1.0/apache-ant-1.7.0/lib/ant-jdepend.jar:/home/cceuser/projects/cruise/target/cruise-agent-1.0/apache-ant-1.7.0/lib/ant.jar:/home/cceuser/projects/cruise/target/cruise-agent-1.0/apache-ant-1.7.0/lib/ant-javamail.jar:/home/cceuser/projects/cruise/target/cruise-agent-1.0/apache-ant-1.7.0/lib/xml-apis.jar:/home/cceuser/projects/cruise/target/cruise-agent-1.0/apache-ant-1.7.0/lib/ant-testutil.jar:/home/cceuser/projects/cruise/target/cruise-agent-1.0/apache-ant-1.7.0/lib/ant-commons-net.jar:/home/cceuser/projects/cruise/target/cruise-agent-1.0/apache-ant-1.7.0/lib/ant-jmf.jar:/home/cceuser/projects/cruise/target/cruise-agent-1.0/apache-ant-1.7.0/lib/ant-antlr.jar:/home/cceuser/projects/cruise/target/cruise-agent-1.0/apache-ant-1.7.0/lib/ant-apache-bsf.jar:/home/cceuser/projects/cruise/target/cruise-agent-1.0/apache-ant-1.7.0/lib/ant-trax.jar:/home/cceuser/projects/cruise/target/cruise-agent-1.0/apache-ant-1.7.0/lib/ant-apache-bcel.jar:/home/cceuser/projects/cruise/target/cruise-agent-1.0/apache-ant-1.7.0/lib/ant-netrexx.jar:/home/cceuser/projects/cruise/target/cruise-agent-1.0/apache-ant-1.7.0/lib/ant-nodeps.jar:/home/cceuser/projects/cruise/target/cruise-agent-1.0/apache-ant-1.7.0/lib/ant-swing.jar:/home/cceuser/projects/cruise/target/cruise-agent-1.0/apache-ant-1.7.0/lib/ant-launcher.jar:/home/cceuser/projects/cruise/target/cruise-agent-1.0/apache-ant-1.7.0/lib/ant-jsch.jar:/home/cceuser/projects/cruise/target/cruise-agent-1.0/apache-ant-1.7.0/lib/ant-starteam.jar:/home/cceuser/projects/cruise/target/cruise-agent-1.0/apache-ant-1.7.0/lib/ant-apache-log4j.jar:/home/cceuser/projects/cruise/target/cruise-agent-1.0/apache-ant-1.7.0/lib/xercesImpl.jar:/home/cceuser/projects/cruise/target/cruise-agent-1.0/apache-ant-1.7.0/lib/ant-commons-logging.jar:/home/cceuser/projects/cruise/target/cruise-agent-1.0/lib/jetty.jar:/home/cceuser/projects/cruise/target/cruise-agent-1.0/lib/inmemorysfee.jar:/home/cceuser/projects/cruise/target/cruise-agent-1.0/lib/jetty-plus.jar:/home/cceuser/projects/cruise/target/cruise-agent-1.0/lib/xstream-1.2.2.jar:/home/cceuser/projects/cruise/target/cruise-agent-1.0/lib/commons-io.jar:/home/cceuser/projects/cruise/target/cruise-agent-1.0/lib/xerces.jar:/home/cceuser/projects/cruise/target/cruise-agent-1.0/lib/jaxen.jar:/home/cceuser/projects/cruise/target/cruise-agent-1.0/lib/cruisecontrol.jar:/home/cceuser/projects/cruise/target/cruise-agent-1.0/lib/jdom.jar:/home/cceuser/projects/cruise/target/cruise-agent-1.0/lib/jug-lgpl.jar:/home/cceuser/projects/cruise/target/cruise-agent-1.0/lib/ant-junit.jar:/home/cceuser/projects/cruise/target/cruise-agent-1.0/lib/ant.jar:/home/cceuser/projects/cruise/target/cruise-agent-1.0/lib/cruisecontrol-launcher.jar:/home/cceuser/projects/cruise/target/cruise-agent-1.0/lib/commons-lang.jar:/home/cceuser/projects/cruise/target/cruise-agent-1.0/lib/commons-codec.jar:/home/cceuser/projects/cruise/target/cruise-agent-1.0/lib/serializer.jar:/home/cceuser/projects/cruise/target/cruise-agent-1.0/lib/xml-apis.jar:/home/cceuser/projects/cruise/target/cruise-agent-1.0/lib/smackx.jar:/home/cceuser/projects/cruise/target/cruise-agent-1.0/lib/cruisecontrol-antprogresslogger.jar:/home/cceuser/projects/cruise/target/cruise-agent-1.0/lib/antlr.jar:/home/cceuser/projects/cruise/target/cruise-agent-1.0/lib/common.jar:/home/cceuser/projects/cruise/target/cruise-agent-1.0/lib/svnkit.jar:/home/cceuser/projects/cruise/target/cruise-agent-1.0/lib/xmlrpc.jar:/home/cceuser/projects/cruise/target/cruise-agent-1.0/lib/jakarta-oro.jar:/home/cceuser/projects/cruise/target/cruise-agent-1.0/lib/activation.jar:/home/cceuser/projects/cruise/target/cruise-agent-1.0/lib/cglib.jar:/home/cceuser/projects/cruise/target/cruise-agent-1.0/lib/comm.jar:/home/cceuser/projects/cruise/target/cruise-agent-1.0/lib/jetty-ant.jar:/home/cceuser/projects/cruise/target/cruise-agent-1.0/lib/ant-trax.jar:/home/cceuser/projects/cruise/target/cruise-agent-1.0/lib/log4j.jar:/home/cceuser/projects/cruise/target/cruise-agent-1.0/lib/mx4j-tools.jar:/home/cceuser/projects/cruise/target/cruise-agent-1.0/lib/jetty-util.jar:/home/cceuser/projects/cruise/target/cruise-agent-1.0/lib/joda-time.jar:/home/cceuser/projects/cruise/target/cruise-agent-1.0/lib/mx4j.jar:/home/cceuser/projects/cruise/target/cruise-agent-1.0/lib/ant-launcher.jar:/home/cceuser/projects/cruise/target/cruise-agent-1.0/lib/commons-validator.jar:/home/cceuser/projects/cruise/target/cruise-agent-1.0/lib/mail.jar:/home/cceuser/projects/cruise/target/cruise-agent-1.0/lib/x10.jar:/home/cceuser/projects/cruise/target/cruise-agent-1.0/lib/spring.jar:/home/cceuser/projects/cruise/target/cruise-agent-1.0/lib/xpp3-1.1.3.4.O.jar:/home/cceuser/projects/cruise/target/cruise-agent-1.0/lib/maven-embedder.jar:/home/cceuser/projects/cruise/target/cruise-agent-1.0/lib/commons-httpclient.jar:/home/cceuser/projects/cruise/target/cruise-agent-1.0/lib/commons-collections.jar:/home/cceuser/projects/cruise/target/cruise-agent-1.0/lib/jetty-naming.jar:/home/cceuser/projects/cruise/target/cruise-agent-1.0/lib/commons-logging.jar:/home/cceuser/projects/cruise/target/cruise-agent-1.0/lib/smack.jar:/home/cceuser/projects/cruise/target/cruise-agent-1.0/lib/aspectjrt.jar:/home/cceuser/projects/cruise/target/cruise-agent-1.0/lib/commons-net.jar:/home/cceuser/projects/cruise/target/cruise-agent-1.0/lib/commons-beanutils-core.jar:/home/cceuser/projects/cruise/target/cruise-agent-1.0/lib/aspectjweaver.jar:/home/cceuser/projects/cruise/target/cruise-agent-1.0/lib/fast-md5.jar:/home/cceuser/projects/cruise/target/cruise-agent-1.0/lib/mx4j-remote.jar:/usr/lib/jvm/java-1.5.0-sun-1.5.0.13/lib/tools.jar, user.name=cceuser, java.vm.specification.version=1.0, java.home=/usr/lib/jvm/java-1.5.0-sun-1.5.0.13/jre, sun.arch.data.model=32, user.language=en, java.specification.vendor=Sun Microsystems Inc., java.vm.info=mixed mode, java.version=1.5.0_13, java.ext.dirs=/usr/lib/jvm/java-1.5.0-sun-1.5.0.13/jre/lib/ext, sun.boot.class.path=/usr/lib/jvm/java-1.5.0-sun-1.5.0.13/jre/lib/rt.jar:/usr/lib/jvm/java-1.5.0-sun-1.5.0.13/jre/lib/i18n.jar:/usr/lib/jvm/java-1.5.0-sun-1.5.0.13/jre/lib/sunrsasign.jar:/usr/lib/jvm/java-1.5.0-sun-1.5.0.13/jre/lib/jsse.jar:/usr/lib/jvm/java-1.5.0-sun-1.5.0.13/jre/lib/jce.jar:/usr/lib/jvm/java-1.5.0-sun-1.5.0.13/jre/lib/charsets.jar:/usr/lib/jvm/java-1.5.0-sun-1.5.0.13/jre/classes, java.vendor=Sun Microsystems Inc., file.separator=/, java.vendor.url.bug=http://java.sun.com/cgi-bin/bugreport.cgi, sun.io.unicode.encoding=UnicodeLittle, sun.cpu.endian=little, sun.desktop=gnome, sun.cpu.isalist=}]]></message>
        <message priority="info"><![CDATA[Running net.sourceforge.cruisecontrol.sampleproject.connectfour.CellTest]]></message>
        <message priority="info"><![CDATA[Testsuite: net.sourceforge.cruisecontrol.sampleproject.connectfour.CellTest]]></message>
        <message priority="debug"><![CDATA[junit.framework.TestListener: tests to run: 1]]></message>
        <message priority="debug"><![CDATA[junit.framework.TestListener: startTest(testConstructor)]]></message>
        <message priority="debug"><![CDATA[junit.framework.TestListener: endTest(testConstructor)]]></message>
        <message priority="info"><![CDATA[Tests run: 1, Failures: 0, Errors: 0, Time elapsed: 0.013 sec]]></message>
        <message priority="info"><![CDATA[Tests run: 1, Failures: 0, Errors: 0, Time elapsed: 0.013 sec]]></message>
        <message priority="debug"><![CDATA[Using System properties {java.runtime.name=Java(TM) 2 Runtime Environment, Standard Edition, sun.boot.library.path=/usr/lib/jvm/java-1.5.0-sun-1.5.0.13/jre/lib/i386, java.vm.version=1.5.0_13-b05, ant.library.dir=/home/cceuser/projects/cruise/target/cruise-agent-1.0/lib, java.vm.vendor=Sun Microsystems Inc., java.vendor.url=http://java.sun.com/, path.separator=:, java.vm.name=Java HotSpot(TM) Server VM, file.encoding.pkg=sun.io, user.country=HK, sun.java.launcher=SUN_STANDARD, sun.os.patch.level=unknown, java.vm.specification.name=Java Virtual Machine Specification, user.dir=/home/cceuser/projects/cruise/target/cruise-agent-1.0/projects/connectfour, java.runtime.version=1.5.0_13-b05, java.awt.graphicsenv=sun.awt.X11GraphicsEnvironment, java.endorsed.dirs=/usr/lib/jvm/java-1.5.0-sun-1.5.0.13/jre/lib/endorsed, os.arch=i386, java.io.tmpdir=/tmp, line.separator=
, java.vm.specification.vendor=Sun Microsystems Inc., os.name=Linux, ant.home=/home/cceuser/projects/cruise/target/cruise-agent-1.0, sun.jnu.encoding=UTF-8, java.library.path=/usr/lib/jvm/java-1.5.0-sun-1.5.0.13/jre/lib/i386/server:/usr/lib/jvm/java-1.5.0-sun-1.5.0.13/jre/lib/i386:/usr/lib/jvm/java-1.5.0-sun-1.5.0.13/jre/../lib/i386, java.specification.name=Java Platform API Specification, java.class.version=49.0, sun.management.compiler=HotSpot Server Compiler, os.version=2.6.22-14-generic, user.home=/home/cceuser, user.timezone=GMT+08:00, java.awt.printerjob=sun.print.PSPrinterJob, file.encoding=UTF-8, java.specification.version=1.5, java.class.path=/home/cceuser/projects/cruise/target/cruise-agent-1.0/lib/ant-launcher.jar:/home/cceuser/projects/cruise/target/cruise-agent-1.0/agent.jar:/home/cceuser/projects/cruise/target/cruise-agent-1.0/lib/jetty.jar:/home/cceuser/projects/cruise/target/cruise-agent-1.0/lib/inmemorysfee.jar:/home/cceuser/projects/cruise/target/cruise-agent-1.0/lib/jetty-plus.jar:/home/cceuser/projects/cruise/target/cruise-agent-1.0/lib/xstream-1.2.2.jar:/home/cceuser/projects/cruise/target/cruise-agent-1.0/lib/commons-io.jar:/home/cceuser/projects/cruise/target/cruise-agent-1.0/lib/xerces.jar:/home/cceuser/projects/cruise/target/cruise-agent-1.0/lib/jaxen.jar:/home/cceuser/projects/cruise/target/cruise-agent-1.0/lib/cruisecontrol.jar:/home/cceuser/projects/cruise/target/cruise-agent-1.0/lib/jdom.jar:/home/cceuser/projects/cruise/target/cruise-agent-1.0/lib/jug-lgpl.jar:/home/cceuser/projects/cruise/target/cruise-agent-1.0/lib/ant-junit.jar:/home/cceuser/projects/cruise/target/cruise-agent-1.0/lib/ant.jar:/home/cceuser/projects/cruise/target/cruise-agent-1.0/lib/cruisecontrol-launcher.jar:/home/cceuser/projects/cruise/target/cruise-agent-1.0/lib/commons-lang.jar:/home/cceuser/projects/cruise/target/cruise-agent-1.0/lib/commons-codec.jar:/home/cceuser/projects/cruise/target/cruise-agent-1.0/lib/serializer.jar:/home/cceuser/projects/cruise/target/cruise-agent-1.0/lib/xml-apis.jar:/home/cceuser/projects/cruise/target/cruise-agent-1.0/lib/smackx.jar:/home/cceuser/projects/cruise/target/cruise-agent-1.0/lib/cruisecontrol-antprogresslogger.jar:/home/cceuser/projects/cruise/target/cruise-agent-1.0/lib/antlr.jar:/home/cceuser/projects/cruise/target/cruise-agent-1.0/lib/common.jar:/home/cceuser/projects/cruise/target/cruise-agent-1.0/lib/svnkit.jar:/home/cceuser/projects/cruise/target/cruise-agent-1.0/lib/xmlrpc.jar:/home/cceuser/projects/cruise/target/cruise-agent-1.0/lib/jakarta-oro.jar:/home/cceuser/projects/cruise/target/cruise-agent-1.0/lib/activation.jar:/home/cceuser/projects/cruise/target/cruise-agent-1.0/lib/cglib.jar:/home/cceuser/projects/cruise/target/cruise-agent-1.0/lib/comm.jar:/home/cceuser/projects/cruise/target/cruise-agent-1.0/lib/jetty-ant.jar:/home/cceuser/projects/cruise/target/cruise-agent-1.0/lib/ant-trax.jar:/home/cceuser/projects/cruise/target/cruise-agent-1.0/lib/log4j.jar:/home/cceuser/projects/cruise/target/cruise-agent-1.0/lib/mx4j-tools.jar:/home/cceuser/projects/cruise/target/cruise-agent-1.0/lib/jetty-util.jar:/home/cceuser/projects/cruise/target/cruise-agent-1.0/lib/joda-time.jar:/home/cceuser/projects/cruise/target/cruise-agent-1.0/lib/mx4j.jar:/home/cceuser/projects/cruise/target/cruise-agent-1.0/lib/ant-launcher.jar:/home/cceuser/projects/cruise/target/cruise-agent-1.0/lib/commons-validator.jar:/home/cceuser/projects/cruise/target/cruise-agent-1.0/lib/mail.jar:/home/cceuser/projects/cruise/target/cruise-agent-1.0/lib/x10.jar:/home/cceuser/projects/cruise/target/cruise-agent-1.0/lib/spring.jar:/home/cceuser/projects/cruise/target/cruise-agent-1.0/lib/xpp3-1.1.3.4.O.jar:/home/cceuser/projects/cruise/target/cruise-agent-1.0/lib/maven-embedder.jar:/home/cceuser/projects/cruise/target/cruise-agent-1.0/lib/commons-httpclient.jar:/home/cceuser/projects/cruise/target/cruise-agent-1.0/lib/commons-collections.jar:/home/cceuser/projects/cruise/target/cruise-agent-1.0/lib/jetty-naming.jar:/home/cceuser/projects/cruise/target/cruise-agent-1.0/lib/commons-logging.jar:/home/cceuser/projects/cruise/target/cruise-agent-1.0/lib/smack.jar:/home/cceuser/projects/cruise/target/cruise-agent-1.0/lib/aspectjrt.jar:/home/cceuser/projects/cruise/target/cruise-agent-1.0/lib/commons-net.jar:/home/cceuser/projects/cruise/target/cruise-agent-1.0/lib/commons-beanutils-core.jar:/home/cceuser/projects/cruise/target/cruise-agent-1.0/lib/aspectjweaver.jar:/home/cceuser/projects/cruise/target/cruise-agent-1.0/lib/fast-md5.jar:/home/cceuser/projects/cruise/target/cruise-agent-1.0/lib/mx4j-remote.jar:/home/cceuser/projects/cruise/target/cruise-agent-1.0/apache-ant-1.7.0/lib/ant-weblogic.jar:/home/cceuser/projects/cruise/target/cruise-agent-1.0/apache-ant-1.7.0/lib/ant-apache-regexp.jar:/home/cceuser/projects/cruise/target/cruise-agent-1.0/apache-ant-1.7.0/lib/ant-apache-oro.jar:/home/cceuser/projects/cruise/target/cruise-agent-1.0/apache-ant-1.7.0/lib/ant-stylebook.jar:/home/cceuser/projects/cruise/target/cruise-agent-1.0/apache-ant-1.7.0/lib/ant-apache-resolver.jar:/home/cceuser/projects/cruise/target/cruise-agent-1.0/apache-ant-1.7.0/lib/ant-jai.jar:/home/cceuser/projects/cruise/target/cruise-agent-1.0/apache-ant-1.7.0/lib/ant-junit.jar:/home/cceuser/projects/cruise/target/cruise-agent-1.0/apache-ant-1.7.0/lib/ant-jdepend.jar:/home/cceuser/projects/cruise/target/cruise-agent-1.0/apache-ant-1.7.0/lib/ant.jar:/home/cceuser/projects/cruise/target/cruise-agent-1.0/apache-ant-1.7.0/lib/ant-javamail.jar:/home/cceuser/projects/cruise/target/cruise-agent-1.0/apache-ant-1.7.0/lib/xml-apis.jar:/home/cceuser/projects/cruise/target/cruise-agent-1.0/apache-ant-1.7.0/lib/ant-testutil.jar:/home/cceuser/projects/cruise/target/cruise-agent-1.0/apache-ant-1.7.0/lib/ant-commons-net.jar:/home/cceuser/projects/cruise/target/cruise-agent-1.0/apache-ant-1.7.0/lib/ant-jmf.jar:/home/cceuser/projects/cruise/target/cruise-agent-1.0/apache-ant-1.7.0/lib/ant-antlr.jar:/home/cceuser/projects/cruise/target/cruise-agent-1.0/apache-ant-1.7.0/lib/ant-apache-bsf.jar:/home/cceuser/projects/cruise/target/cruise-agent-1.0/apache-ant-1.7.0/lib/ant-trax.jar:/home/cceuser/projects/cruise/target/cruise-agent-1.0/apache-ant-1.7.0/lib/ant-apache-bcel.jar:/home/cceuser/projects/cruise/target/cruise-agent-1.0/apache-ant-1.7.0/lib/ant-netrexx.jar:/home/cceuser/projects/cruise/target/cruise-agent-1.0/apache-ant-1.7.0/lib/ant-nodeps.jar:/home/cceuser/projects/cruise/target/cruise-agent-1.0/apache-ant-1.7.0/lib/ant-swing.jar:/home/cceuser/projects/cruise/target/cruise-agent-1.0/apache-ant-1.7.0/lib/ant-launcher.jar:/home/cceuser/projects/cruise/target/cruise-agent-1.0/apache-ant-1.7.0/lib/ant-jsch.jar:/home/cceuser/projects/cruise/target/cruise-agent-1.0/apache-ant-1.7.0/lib/ant-starteam.jar:/home/cceuser/projects/cruise/target/cruise-agent-1.0/apache-ant-1.7.0/lib/ant-apache-log4j.jar:/home/cceuser/projects/cruise/target/cruise-agent-1.0/apache-ant-1.7.0/lib/xercesImpl.jar:/home/cceuser/projects/cruise/target/cruise-agent-1.0/apache-ant-1.7.0/lib/ant-commons-logging.jar:/home/cceuser/projects/cruise/target/cruise-agent-1.0/lib/jetty.jar:/home/cceuser/projects/cruise/target/cruise-agent-1.0/lib/inmemorysfee.jar:/home/cceuser/projects/cruise/target/cruise-agent-1.0/lib/jetty-plus.jar:/home/cceuser/projects/cruise/target/cruise-agent-1.0/lib/xstream-1.2.2.jar:/home/cceuser/projects/cruise/target/cruise-agent-1.0/lib/commons-io.jar:/home/cceuser/projects/cruise/target/cruise-agent-1.0/lib/xerces.jar:/home/cceuser/projects/cruise/target/cruise-agent-1.0/lib/jaxen.jar:/home/cceuser/projects/cruise/target/cruise-agent-1.0/lib/cruisecontrol.jar:/home/cceuser/projects/cruise/target/cruise-agent-1.0/lib/jdom.jar:/home/cceuser/projects/cruise/target/cruise-agent-1.0/lib/jug-lgpl.jar:/home/cceuser/projects/cruise/target/cruise-agent-1.0/lib/ant-junit.jar:/home/cceuser/projects/cruise/target/cruise-agent-1.0/lib/ant.jar:/home/cceuser/projects/cruise/target/cruise-agent-1.0/lib/cruisecontrol-launcher.jar:/home/cceuser/projects/cruise/target/cruise-agent-1.0/lib/commons-lang.jar:/home/cceuser/projects/cruise/target/cruise-agent-1.0/lib/commons-codec.jar:/home/cceuser/projects/cruise/target/cruise-agent-1.0/lib/serializer.jar:/home/cceuser/projects/cruise/target/cruise-agent-1.0/lib/xml-apis.jar:/home/cceuser/projects/cruise/target/cruise-agent-1.0/lib/smackx.jar:/home/cceuser/projects/cruise/target/cruise-agent-1.0/lib/cruisecontrol-antprogresslogger.jar:/home/cceuser/projects/cruise/target/cruise-agent-1.0/lib/antlr.jar:/home/cceuser/projects/cruise/target/cruise-agent-1.0/lib/common.jar:/home/cceuser/projects/cruise/target/cruise-agent-1.0/lib/svnkit.jar:/home/cceuser/projects/cruise/target/cruise-agent-1.0/lib/xmlrpc.jar:/home/cceuser/projects/cruise/target/cruise-agent-1.0/lib/jakarta-oro.jar:/home/cceuser/projects/cruise/target/cruise-agent-1.0/lib/activation.jar:/home/cceuser/projects/cruise/target/cruise-agent-1.0/lib/cglib.jar:/home/cceuser/projects/cruise/target/cruise-agent-1.0/lib/comm.jar:/home/cceuser/projects/cruise/target/cruise-agent-1.0/lib/jetty-ant.jar:/home/cceuser/projects/cruise/target/cruise-agent-1.0/lib/ant-trax.jar:/home/cceuser/projects/cruise/target/cruise-agent-1.0/lib/log4j.jar:/home/cceuser/projects/cruise/target/cruise-agent-1.0/lib/mx4j-tools.jar:/home/cceuser/projects/cruise/target/cruise-agent-1.0/lib/jetty-util.jar:/home/cceuser/projects/cruise/target/cruise-agent-1.0/lib/joda-time.jar:/home/cceuser/projects/cruise/target/cruise-agent-1.0/lib/mx4j.jar:/home/cceuser/projects/cruise/target/cruise-agent-1.0/lib/ant-launcher.jar:/home/cceuser/projects/cruise/target/cruise-agent-1.0/lib/commons-validator.jar:/home/cceuser/projects/cruise/target/cruise-agent-1.0/lib/mail.jar:/home/cceuser/projects/cruise/target/cruise-agent-1.0/lib/x10.jar:/home/cceuser/projects/cruise/target/cruise-agent-1.0/lib/spring.jar:/home/cceuser/projects/cruise/target/cruise-agent-1.0/lib/xpp3-1.1.3.4.O.jar:/home/cceuser/projects/cruise/target/cruise-agent-1.0/lib/maven-embedder.jar:/home/cceuser/projects/cruise/target/cruise-agent-1.0/lib/commons-httpclient.jar:/home/cceuser/projects/cruise/target/cruise-agent-1.0/lib/commons-collections.jar:/home/cceuser/projects/cruise/target/cruise-agent-1.0/lib/jetty-naming.jar:/home/cceuser/projects/cruise/target/cruise-agent-1.0/lib/commons-logging.jar:/home/cceuser/projects/cruise/target/cruise-agent-1.0/lib/smack.jar:/home/cceuser/projects/cruise/target/cruise-agent-1.0/lib/aspectjrt.jar:/home/cceuser/projects/cruise/target/cruise-agent-1.0/lib/commons-net.jar:/home/cceuser/projects/cruise/target/cruise-agent-1.0/lib/commons-beanutils-core.jar:/home/cceuser/projects/cruise/target/cruise-agent-1.0/lib/aspectjweaver.jar:/home/cceuser/projects/cruise/target/cruise-agent-1.0/lib/fast-md5.jar:/home/cceuser/projects/cruise/target/cruise-agent-1.0/lib/mx4j-remote.jar:/usr/lib/jvm/java-1.5.0-sun-1.5.0.13/lib/tools.jar, user.name=cceuser, java.vm.specification.version=1.0, java.home=/usr/lib/jvm/java-1.5.0-sun-1.5.0.13/jre, sun.arch.data.model=32, user.language=en, java.specification.vendor=Sun Microsystems Inc., java.vm.info=mixed mode, java.version=1.5.0_13, java.ext.dirs=/usr/lib/jvm/java-1.5.0-sun-1.5.0.13/jre/lib/ext, sun.boot.class.path=/usr/lib/jvm/java-1.5.0-sun-1.5.0.13/jre/lib/rt.jar:/usr/lib/jvm/java-1.5.0-sun-1.5.0.13/jre/lib/i18n.jar:/usr/lib/jvm/java-1.5.0-sun-1.5.0.13/jre/lib/sunrsasign.jar:/usr/lib/jvm/java-1.5.0-sun-1.5.0.13/jre/lib/jsse.jar:/usr/lib/jvm/java-1.5.0-sun-1.5.0.13/jre/lib/jce.jar:/usr/lib/jvm/java-1.5.0-sun-1.5.0.13/jre/lib/charsets.jar:/usr/lib/jvm/java-1.5.0-sun-1.5.0.13/jre/classes, java.vendor=Sun Microsystems Inc., file.separator=/, java.vendor.url.bug=http://java.sun.com/cgi-bin/bugreport.cgi, sun.io.unicode.encoding=UnicodeLittle, sun.cpu.endian=little, sun.desktop=gnome, sun.cpu.isalist=}]]></message>
        <message priority="info"><![CDATA[Running net.sourceforge.cruisecontrol.sampleproject.connectfour.PlayingStandTest]]></message>
        <message priority="info"><![CDATA[Testsuite: net.sourceforge.cruisecontrol.sampleproject.connectfour.PlayingStandTest]]></message>
        <message priority="debug"><![CDATA[junit.framework.TestListener: tests to run: 10]]></message>
        <message priority="debug"><![CDATA[junit.framework.TestListener: startTest(testFourConnected)]]></message>
        <message priority="debug"><![CDATA[junit.framework.TestListener: endTest(testFourConnected)]]></message>
        <message priority="debug"><![CDATA[junit.framework.TestListener: startTest(testFourConnectedHorizontally)]]></message>
        <message priority="debug"><![CDATA[junit.framework.TestListener: endTest(testFourConnectedHorizontally)]]></message>
        <message priority="debug"><![CDATA[junit.framework.TestListener: startTest(testFourConnectedDiagonally)]]></message>
        <message priority="debug"><![CDATA[junit.framework.TestListener: endTest(testFourConnectedDiagonally)]]></message>
        <message priority="debug"><![CDATA[junit.framework.TestListener: startTest(testStandControlsTurns)]]></message>
        <message priority="debug"><![CDATA[junit.framework.TestListener: endTest(testStandControlsTurns)]]></message>
        <message priority="debug"><![CDATA[junit.framework.TestListener: startTest(testFullColumn)]]></message>
        <message priority="debug"><![CDATA[junit.framework.TestListener: endTest(testFullColumn)]]></message>
        <message priority="debug"><![CDATA[junit.framework.TestListener: startTest(testNonExistentColumn)]]></message>
        <message priority="debug"><![CDATA[junit.framework.TestListener: endTest(testNonExistentColumn)]]></message>
        <message priority="debug"><![CDATA[junit.framework.TestListener: startTest(testNoWinner)]]></message>
        <message priority="debug"><![CDATA[junit.framework.TestListener: endTest(testNoWinner)]]></message>
        <message priority="debug"><![CDATA[junit.framework.TestListener: startTest(testDownwardDiagonalWins)]]></message>
        <message priority="debug"><![CDATA[junit.framework.TestListener: endTest(testDownwardDiagonalWins)]]></message>
        <message priority="debug"><![CDATA[junit.framework.TestListener: startTest(testWinningPlacement)]]></message>
        <message priority="debug"><![CDATA[junit.framework.TestListener: endTest(testWinningPlacement)]]></message>
        <message priority="debug"><![CDATA[junit.framework.TestListener: startTest(testNoWinningPlacementBeforeGameOver)]]></message>
        <message priority="debug"><![CDATA[junit.framework.TestListener: endTest(testNoWinningPlacementBeforeGameOver)]]></message>
        <message priority="info"><![CDATA[Tests run: 10, Failures: 0, Errors: 0, Time elapsed: 0.031 sec]]></message>
        <message priority="info"><![CDATA[Tests run: 10, Failures: 0, Errors: 0, Time elapsed: 0.031 sec]]></message>
      </task>
    </target>
    <message priority="debug"><![CDATA[fileset: Setup scanner in dir /home/cceuser/projects/cruise/target/cruise-agent-1.0/projects/connectfour/target/classes with patternSet{ includes: [] excludes: [] }]]></message>
    <target name="jar" time="0 seconds">
      <task location="/home/cceuser/projects/cruise/target/cruise-agent-1.0/projects/connectfour/build.xml:79: " name="jar" time="0 seconds">
        <message priority="info"><![CDATA[Building jar: /home/cceuser/projects/cruise/target/cruise-agent-1.0/projects/connectfour/target/connectfour.jar]]></message>
        <message priority="debug"><![CDATA[adding directory META-INF/]]></message>
        <message priority="debug"><![CDATA[adding entry META-INF/MANIFEST.MF]]></message>
        <message priority="debug"><![CDATA[adding directory net/]]></message>
        <message priority="debug"><![CDATA[adding directory net/sourceforge/]]></message>
        <message priority="debug"><![CDATA[adding directory net/sourceforge/cruisecontrol/]]></message>
        <message priority="debug"><![CDATA[adding directory net/sourceforge/cruisecontrol/sampleproject/]]></message>
        <message priority="debug"><![CDATA[adding directory net/sourceforge/cruisecontrol/sampleproject/connectfour/]]></message>
        <message priority="debug"><![CDATA[adding entry net/sourceforge/cruisecontrol/sampleproject/connectfour/Cell.class]]></message>
        <message priority="debug"><![CDATA[adding entry net/sourceforge/cruisecontrol/sampleproject/connectfour/Chip.class]]></message>
        <message priority="debug"><![CDATA[adding entry net/sourceforge/cruisecontrol/sampleproject/connectfour/Direction.class]]></message>
        <message priority="debug"><![CDATA[adding entry net/sourceforge/cruisecontrol/sampleproject/connectfour/FullColumnException.class]]></message>
        <message priority="debug"><![CDATA[adding entry net/sourceforge/cruisecontrol/sampleproject/connectfour/GameNotOverException.class]]></message>
        <message priority="debug"><![CDATA[adding entry net/sourceforge/cruisecontrol/sampleproject/connectfour/GameOverException.class]]></message>
        <message priority="debug"><![CDATA[adding entry net/sourceforge/cruisecontrol/sampleproject/connectfour/InvalidColumnException.class]]></message>
        <message priority="debug"><![CDATA[adding entry net/sourceforge/cruisecontrol/sampleproject/connectfour/OutOfTurnException.class]]></message>
        <message priority="debug"><![CDATA[adding entry net/sourceforge/cruisecontrol/sampleproject/connectfour/PlayingStand$WinningPlacement.class]]></message>
        <message priority="debug"><![CDATA[adding entry net/sourceforge/cruisecontrol/sampleproject/connectfour/PlayingStand.class]]></message>
        <message priority="debug"><![CDATA[adding entry net/sourceforge/cruisecontrol/sampleproject/connectfour/StalemateException.class]]></message>
      </task>
    </target>
    <target name="all" time="0 seconds" />
  </build>
</cruisecontrol>

@
